<?xml version="1.0" encoding="UTF-8"?>
<!-- Generated by org.testng.reporters.JUnitReportReporter -->
<testsuite skipped="0" hostname="DESKTOP-5LN919O" name="com.qa.barcode.PdfReaderTest" tests="1" failures="0" timestamp="26 Oct 2018 04:29:47 GMT" time="1.595" errors="0">
  <testcase name="pdfReaderTest" time="1.595" classname="com.qa.barcode.PdfReaderTest"/>
</testsuite> <!-- com.qa.barcode.PdfReaderTest -->
